================================================================================
Traceback (most recent call last):
  File "C:\Users\abdou\Desktop\top cenima\validate_db.py", line 478, in <module>
    health_score, stats = analyze_database()
                          ~~~~~~~~~~~~~~~~^^
  File "C:\Users\abdou\Desktop\top cenima\validate_db.py", line 24, in analyze_database
    print("\U0001f50d DATABASE VALIDATION & STATISTICS REPORT")
    ~~~~~^^^^^^^^^^^^^^^^^^^^^^^^^^^^^^^^^^^^^^^^^^^^^^
  File "C:\Users\abdou\AppData\Local\Programs\Python\Python313\Lib\encodings\cp1252.py", line 19, in encode
    return codecs.charmap_encode(input,self.errors,encoding_table)[0]
           ~~~~~~~~~~~~~~~~~~~~~^^^^^^^^^^^^^^^^^^^^^^^^^^^^^^^^^^
UnicodeEncodeError: 'charmap' codec can't encode character '\U0001f50d' in position 0: character maps to <undefined>

During handling of the above exception, another exception occurred:

Traceback (most recent call last):
  File "C:\Users\abdou\Desktop\top cenima\validate_db.py", line 481, in <module>
    print(f"\n\u274c ERROR: {e}")
    ~~~~~^^^^^^^^^^^^^^^^^^^^
  File "C:\Users\abdou\AppData\Local\Programs\Python\Python313\Lib\encodings\cp1252.py", line 19, in encode
    return codecs.charmap_encode(input,self.errors,encoding_table)[0]
           ~~~~~~~~~~~~~~~~~~~~~^^^^^^^^^^^^^^^^^^^^^^^^^^^^^^^^^^
UnicodeEncodeError: 'charmap' codec can't encode character '\u274c' in position 2: character maps to <undefined>
